Execution started
Checking the driver is null or not.

The driver is null.Instantiating it.

Chrome browser is instantiated
Get the baseUrl : https://www.facebook.com/r.php?entry_point=login

The actual page title is : Sign up for Facebook

The expected page title is : Sign up for Facebook

The first name is : Gayathri

The last name is : R

The day is : 19

The month is : May

The year is : 1998

The gender is : Female

The email is : rgayu1998@gmail.com

The password is : Rgayu@1998

The submit button is clicked.

Execution started
Checking the driver is null or not.

The driver is null.Instantiating it.

Chrome browser is instantiated
Get the baseUrl : https://www.facebook.com/r.php?entry_point=login

The actual page title is : Sign up for Facebook

The expected page title is : Sign up for Facebook

The first name is : Gayathri

The last name is : R

The day is : 19

The month is : May

The year is : 1998

The gender is : Female

The email is : rgayu1998@gmail.com

The password is : Rgayu@1998

The submit button is clicked.

Execution started
Checking the driver is null or not.

The driver is null.Instantiating it.

Chrome browser is instantiated
Get the baseUrl : https://www.facebook.com/r.php?entry_point=login

The actual page title is : Sign up for Facebook

The expected page title is : Sign up for Facebook

The first name is : Gayathri

The last name is : R

The day is : 19

The month is : May

The year is : 1998

The gender is : Female

The email is : rgayu1998@gmail.com

The password is : Rgayu@1998

The submit button is clicked.

Execution started
Checking the driver is null or not.

The driver is null.Instantiating it.

Chrome browser is instantiated
Get the baseUrl : https://www.facebook.com/r.php?entry_point=login

The actual page title is : Sign up for Facebook

The expected page title is : Sign up for Facebook

The first name is : Gayathri

The last name is : R

The day is : 19

The month is : May

The year is : 1998

The gender is : Female

The email is : rgayu1998@gmail.com

The password is : Rgayu@1998

The submit button is clicked.

Execution started
Checking the driver is null or not.

The driver is null.Instantiating it.

Chrome browser is instantiated
Get the baseUrl : https://www.facebook.com/r.php?entry_point=login

The actual page title is : Sign up for Facebook

The expected page title is : Sign up for Facebook

The first name is : Gayathri

The last name is : R

The day is : 19

The month is : May

The year is : 1998

The gender is : Female

The email is : rgayu1998@gmail.com

The password is : Rgayu@1998

The submit button is clicked.

Execution started
Checking the driver is null or not.

The driver is null.Instantiating it.

Chrome browser is instantiated
Get the baseUrl : https://www.facebook.com/r.php?entry_point=login

The actual page title is : Sign up for Facebook

The expected page title is : Sign up for Facebook

Execution started
Checking the driver is null or not.

The driver is null.Instantiating it.

Chrome browser is instantiated
Get the baseUrl : https://www.facebook.com/r.php?entry_point=login

The actual page title is : Sign up for Facebook

The expected page title is : Sign up for Facebook

Execution started
Checking the driver is null or not.

The driver is null.Instantiating it.

Chrome browser is instantiated
Get the baseUrl : https://www.facebook.com/r.php?entry_point=login

Execution started
Checking the driver is null or not.

The driver is null.Instantiating it.

Chrome browser is instantiated
Get the baseUrl : https://www.facebook.com/r.php?entry_point=login

The actual page title is : Sign up for Facebook

The expected page title is : Sign up for Facebook

Execution started
Checking the driver is null or not.

The driver is null.Instantiating it.

Chrome browser is instantiated
Get the baseUrl : https://www.facebook.com/r.php?entry_point=login

Execution started
Checking the driver is null or not.

The driver is null.Instantiating it.

Chrome browser is instantiated
The actual page title is : 

The expected page title is : Sign up for Facebook

Execution started
Checking the driver is null or not.

The driver is null.Instantiating it.

Chrome browser is instantiated
Get the baseUrl : https://www.facebook.com/r.php?entry_point=login

The actual page title is : Sign up for Facebook

The expected page title is : Sign up for Facebook

The first name is : Gayathri

The last name is : R

The day is : 19

The month is : May

The year is : 1998

The gender is : Female

The email is : rgayu1998@gmail.com

The password is : Rgayu@1998

The submit button is clicked.

Execution started
Checking the driver is null or not.

The driver is null.Instantiating it.

Chrome browser is instantiated
Get the baseUrl : https://www.facebook.com/r.php?entry_point=login

The actual page title is : Sign up for Facebook

The expected page title is : Sign up for Facebook

The first name is : Gayathri

The last name is : R

The day is : 19

The month is : May

The year is : 1998

The email is : rgayu1998@gmail.com

The password is : Rgayu@1998

The submit button is clicked.

Execution started
Checking the driver is null or not.

The driver is null.Instantiating it.

Chrome browser is instantiated
Get the baseUrl : https://www.facebook.com/r.php?entry_point=login

The actual page title is : Sign up for Facebook

The expected page title is : Sign up for Facebook

The actual and expected page title is same.

The user enters the first name as : Gayathri

The user enters the last name as : R

The user enters the day as : 19

The user enters the month as : May

The user enters the year as : 1998

The user enters the gender as : Female

The user enters the email as : rgayu1998@gmail.com

The user enters the password as : Rgayu@1998

The user clicks the submit button...

Execution started
Checking the driver is null or not.

The driver is null.Instantiating it.

Chrome browser is instantiated
Get the baseUrl : https://www.facebook.com/r.php?entry_point=login

The actual page title is : Sign up for Facebook

The expected page title is : Sign up for Facebook

The actual and expected page title is same.

The user enters the first name as : Gayathri

The user enters the last name as : R

The user enters the day as : 19

The user enters the month as : May

The user enters the year as : 1998

The user enters the gender as : Female

The user enters the email as : rgayu1998@gmail.com

The user enters the password as : Rgayu@1998

The user clicks the submit button...

Execution started
Checking the driver is null or not.

The driver is null.Instantiating it.

Chrome browser is instantiated
Get the baseUrl : https://www.facebook.com/r.php?entry_point=login

The actual page title is : Sign up for Facebook

The expected page title is : Sign up for Facebook

The actual and expected page title is same.

The user enters the first name as : Gayathri

The user enters the last name as : R

The user enters the day as : 19

The user enters the month as : May

The user enters the year as : 1998

The user enters the gender as : Female

The user enters the email as : rgayu1998@gmail.com

The user enters the password as : Rgayu@1998

The user clicks the submit button...

Execution started
Checking the driver is null or not.

The driver is null.Instantiating it.

Chrome browser is instantiated
Get the baseUrl : https://www.facebook.com/r.php?entry_point=login

The actual page title is : Sign up for Facebook

The expected page title is : Sign up for Facebook

The actual and expected page title is same.

The user enters the first name as : Gayathri

The user enters the last name as : R

The user enters the day as : 19

The user enters the month as : May

The user enters the year as : 1998

The user enters the gender as : Female

The user enters the email as : rgayu1998@gmail.com

The user enters the password as : Rgayu@1998

The user clicks the submit button...

Execution started
Checking the driver is null or not.

The driver is null.Instantiating it.

Chrome browser is instantiated
Get the baseUrl : https://www.facebook.com/r.php?entry_point=login

The actual page title is : Sign up for Facebook

The expected page title is : Sign up for Facebook

The actual and expected page title is same.

The user enters the first name as : Gayathri

The user enters the last name as : R

The user enters the day as : 19

The user enters the month as : May

The user enters the year as : 1998

The user enters the gender as : Female

The user enters the email as : rgayu1998@gmail.com

The user enters the password as : Rgayu@1998

The user clicks the submit button...

Execution started
Checking the driver is null or not.

The driver is null.Instantiating it.

Chrome browser is instantiated
Get the baseUrl : https://www.facebook.com/r.php?entry_point=login

The actual page title is : Sign up for Facebook

The expected page title is : Sign up for Facebook

The actual and expected page title is same.

The user enters the first name as : Gayathri

The user enters the last name as : R

The user enters the day as : 19

The user enters the month as : May

The user enters the year as : 1998

The user enters the gender as : Female

The user enters the email as : rgayu1998@gmail.com

The user enters the password as : Rgayu@1998

The user clicks the submit button...

Execution started
Checking the driver is null or not.

The driver is null.Instantiating it.

Chrome browser is instantiated
Get the baseUrl : https://www.facebook.com/r.php?entry_point=login

The actual page title is : Sign up for Facebook

The expected page title is : Sign up for Facebook

The actual and expected page title is same.

The user enters the first name as : Gayathri

The user enters the last name as : R

The user enters the day as : 19

The user enters the month as : May

The user enters the year as : 1998

The user enters the gender as : Female

The user enters the email as : rgayu1998@gmail.com

The user enters the password as : Rgayu@1998

The user clicks the submit button...

Execution started
Checking the driver is null or not.

The driver is null.Instantiating it.

Chrome browser is instantiated
Get the baseUrl : https://www.facebook.com/r.php?entry_point=login

The actual page title is : Sign up for Facebook

The expected page title is : Sign up for Facebook

The actual and expected page title is same.

The user enters the first name as : Gayathri

The user enters the last name as : R

The user enters the day as : 19

The user enters the month as : May

The user enters the year as : 1998

The user enters the gender as : Female

The user enters the email as : rgayu1998@gmail.com

The user enters the password as : Rgayu@1998

The user clicks the submit button...

Execution started
Checking the driver is null or not.

The driver is null.Instantiating it.

Chrome browser is instantiated
Get the baseUrl : https://www.facebook.com/r.php?entry_point=login

The actual page title is : Sign up for Facebook

The expected page title is : Sign up for Facebook

The actual and expected page title is same.

The user enters the first name as : Gayathri

The user enters the last name as : R

The user enters the day as : 19

The user enters the month as : May

The user enters the year as : 1998

The user enters the gender as : Female

The user enters the email as : rgayu1998@gmail.com

The user enters the password as : Rgayu@1998

The user clicks the submit button...

Execution started
Checking the driver is null or not.

The driver is null.Instantiating it.

Chrome browser is instantiated
Get the baseUrl : https://www.facebook.com/r.php?entry_point=login

The actual page title is : Sign up for Facebook

The expected page title is : Sign up for Facebook

The actual and expected page title is same.

The user enters the first name as : Gayathri

The user enters the last name as : R

The user enters the day as : 19

The user enters the month as : May

The user enters the year as : 1998

The user enters the gender as : Female

The user enters the email as : rgayu1998@gmail.com

The user enters the password as : Rgayu@1998

The user clicks the submit button...

Execution started
Checking the driver is null or not.

The driver is null.Instantiating it.

Chrome browser is instantiated
Get the baseUrl : https://www.facebook.com/r.php?entry_point=login

The actual page title is : Sign up for Facebook

The expected page title is : Sign up for Facebook

The actual and expected page title is same.

The user enters the first name as : Gayathri

The user enters the last name as : R

The user enters the day as : 19

The user enters the month as : May

The user enters the year as : 1998

The user enters the gender as : Female

The user enters the email as : rgayu1998@gmail.com

The user enters the password as : Rgayu@1998

The user clicks the submit button...

Execution started
Checking the driver is null or not.

The driver is null.Instantiating it.

Chrome browser is instantiated
Get the baseUrl : https://www.facebook.com/r.php?entry_point=login

The actual page title is : Sign up for Facebook

The expected page title is : Sign up for Facebook

The actual and expected page title is same.

The user enters the first name as : Gayathri

The user enters the last name as : R

The user enters the day as : 19

The user enters the month as : May

The user enters the year as : 1998

The user enters the gender as : Female

The user enters the email as : rgayu1998@gmail.com

The user enters the password as : Rgayu@1998

The user clicks the submit button...

Execution started
Checking the driver is null or not.

The driver is null.Instantiating it.

Chrome browser is instantiated
Get the baseUrl : https://www.facebook.com/r.php?entry_point=login

The actual page title is : Sign up for Facebook

The expected page title is : Sign up for Facebook

The actual and expected page title is same.

The user enters the first name as : Gayathri

The user enters the last name as : R

The user enters the day as : 19

The user enters the month as : May

The user enters the year as : 1998

The user enters the gender as : Female

The user enters the email as : rgayu1998@gmail.com

The user enters the password as : Rgayu@1998

The user clicks the submit button...

Execution started
Checking the driver is null or not.

The driver is null.Instantiating it.

Chrome browser is instantiated
Get the baseUrl : https://www.facebook.com/r.php?entry_point=login

The actual page title is : Sign up for Facebook

The expected page title is : Sign up for Facebook

The actual and expected page title is same.

The user enters the first name as : Gayathri

The user enters the last name as : R

The user enters the day as : 19

The user enters the month as : May

The user enters the year as : 1998

The user enters the gender as : Female

The user enters the email as : rgayu1998@gmail.com

The user enters the password as : Rgayu@1998

The user clicks the submit button...

Execution started
Checking the driver is null or not.

The driver is null.Instantiating it.

Chrome browser is instantiated
Get the baseUrl : https://www.facebook.com/r.php?entry_point=login

The actual page title is : Sign up for Facebook

The expected page title is : Sign up for Facebook

The actual and expected page title is same.

The user enters the first name as : Gayathri

The user enters the last name as : R

The user enters the day as : 19

The user enters the month as : May

The user enters the year as : 1998

The user enters the gender as : Female

The user enters the email as : rgayu1998@gmail.com

The user enters the password as : Rgayu@1998

The user clicks the submit button...

Execution started
Checking the driver is null or not.

The driver is null.Instantiating it.

Chrome browser is instantiated
Get the baseUrl : https://www.facebook.com/r.php?entry_point=login

The actual page title is : Sign up for Facebook

The expected page title is : Sign up for Facebook

The actual and expected page title is same.

The user enters the first name as : Gayathri

The user enters the last name as : R

The user enters the day as : 19

The user enters the month as : May

The user enters the year as : 1998

The user enters the gender as : Female

The user enters the email as : rgayu1998@gmail.com

The user enters the password as : Rgayu@1998

The user clicks the submit button...

Execution started
Checking the driver is null or not.

The driver is null.Instantiating it.

Chrome browser is instantiated
Get the baseUrl : https://www.facebook.com/r.php?entry_point=login

The actual page title is : Sign up for Facebook

The expected page title is : Sign up for Facebook

The actual and expected page title is same.

The user enters the first name as : Gayathri

The user enters the last name as : R

The user enters the day as : 19

The user enters the month as : May

The user enters the year as : 1998

The user enters the gender as : Female

The user enters the email as : rgayu1998@gmail.com

The user enters the password as : Rgayu@1998

The user clicks the submit button...

Execution started
Checking the driver is null or not.

The driver is null.Instantiating it.

Chrome browser is instantiated
Get the baseUrl : https://www.facebook.com/r.php?entry_point=login

The actual page title is : Sign up for Facebook

The expected page title is : Sign up for Facebook

The actual and expected page title is same.

The user enters the first name as : Gayathri

The user enters the last name as : R

The user enters the day as : 19

The user enters the month as : May

The user enters the year as : 1998

The user enters the gender as : Female

The user enters the email as : rgayu1998@gmail.com

The user enters the password as : Rgayu@1998

The user clicks the submit button...

Execution started
Checking the driver is null or not.

The driver is null.Instantiating it.

Chrome browser is instantiated
Get the baseUrl : https://www.facebook.com/r.php?entry_point=login

The actual page title is : Sign up for Facebook

The expected page title is : Sign up for Facebook

The actual and expected page title is same.

The user enters the first name as : Gayathri

The user enters the last name as : R

The user enters the day as : 19

The user enters the month as : May

The user enters the year as : 1998

The user enters the gender as : Female

The user enters the email as : rgayu1998@gmail.com

The user enters the password as : Rgayu@1998

The user clicks the submit button...

Execution started
Checking the driver is null or not.

The driver is null.Instantiating it.

Chrome browser is instantiated
Get the baseUrl : https://www.facebook.com/r.php?entry_point=login

The actual page title is : Sign up for Facebook

The expected page title is : Sign up for Facebook

The actual and expected page title is not same.

The user enters the first name as : Gayathri

The user enters the last name as : R

The user enters the day as : 19

The user enters the month as : May

The user enters the year as : 1998

The user enters the gender as : Female

The user enters the email as : rgayu1998@gmail.com

The user enters the password as : Rgayu@1998

The user clicks the submit button...

